<?xml version="1.0" encoding="UTF-8"?>
<robot generator="Robot 5.0.1 (Python 3.10.7 on win32)" generated="20221012 12:38:34.779" rpa="false" schemaversion="3">
<suite id="s1" name="Hello" source="C:\Users\meekk\Desktop\CRM\Hello.robot">
<test id="s1-t1" name="TestCase1" line="5">
<kw name="Open Browser" library="SeleniumLibrary">
<arg>https:\\google.com</arg>
<arg>Chrome</arg>
<doc>Opens a new browser instance to the optional ``url``.</doc>
<msg timestamp="20221012 12:38:35.327" level="INFO">Opening browser 'Chrome' to base url 'https:\google.com'.</msg>
<status status="PASS" starttime="20221012 12:38:35.327" endtime="20221012 12:38:41.172"/>
</kw>
<status status="PASS" starttime="20221012 12:38:35.327" endtime="20221012 12:38:41.172"/>
</test>
<status status="PASS" starttime="20221012 12:38:34.787" endtime="20221012 12:38:41.180"/>
</suite>
<statistics>
<total>
<stat pass="1" fail="0" skip="0">All Tests</stat>
</total>
<tag>
</tag>
<suite>
<stat pass="1" fail="0" skip="0" id="s1" name="Hello">Hello</stat>
</suite>
</statistics>
<errors>
</errors>
</robot>
